
Market price history read; 15117 cases from 19900109 to 20200108
Signal file read; 22657 cases from 19900206 to 20200108
7538 signal/return pairs found

Profit factor above and below various thresholds

Threshold  Frac Gtr/Eq  Long PF    Short PF      Frac Less  Short PF     Long PF
  32.065      0.990      0.9831      1.0172        0.010      0.4905      2.0387
  37.738      0.950      0.9513      1.0512        0.050      0.6215      1.6091
  41.219      0.900      0.9450      1.0582        0.100      0.7559      1.3229
  45.435      0.800      0.9551      1.0470        0.200      0.8961      1.1160
  48.812      0.700      0.9240      1.0822        0.300      0.8941      1.1185
  51.550      0.600      0.9068      1.1028        0.400      0.9111      1.0975
  54.167      0.500      0.8445      1.1842        0.500      0.8960      1.1161
  56.474      0.400      0.7909      1.2644        0.600      0.9006      1.1104
  59.081      0.300      0.7858      1.2726        0.700      0.9308      1.0743
  62.150      0.200      0.6548      1.5273        0.800      0.9234      1.0829
  65.997      0.100      1.0282      0.9726        0.900      0.9994      1.0006
  69.140      0.050      1.1250      0.8889        0.950      1.0011      0.9989
  74.421      0.010      1.1288      0.8859        0.990      0.9985      1.0015

Grand profit factor = 1.002
Upper (long) threshold = -32.5605  profit factor = 2.044
Lower (short) threshold = -65.2299  profit factor = 2.086

P-values:  Long=0.062  Short=0.066  Best=0.113